File: ./hwmcc24/2024/sosylab/nla-digbench-scaling/lcm1_valuebound100.aig
Command: ~/coding_env/rIC3-MAB/target/release/rIC3 -e ic3 --ic3-dynamic ./hwmcc24/2024/sosylab/nla-digbench-scaling/lcm1_valuebound100.aig
Started at: Tue May 13 16:53:14 CST 2025
----------------------------------------
Job <470072> is submitted to default queue <interactive>.
<<Waiting for dispatch ...>>
<<Starting on cpu03>>
Info: the model to be checked: /root/model.aig
abc preprocess timeout
[43243] Failed to execute script 'docker' due to unhandled exception!
Traceback (most recent call last):
  File "subprocess.py", line 425, in run
  File "subprocess.py", line 855, in communicate
  File "subprocess.py", line 1477, in wait
  File "subprocess.py", line 1424, in _try_wait
KeyboardInterrupt

During handling of the above exception, another exception occurred:

Traceback (most recent call last):
  File "docker", line 64, in <module>
  File "docker", line 51, in main
  File "subprocess.py", line 433, in run
  File "subprocess.py", line 1477, in wait
  File "subprocess.py", line 1424, in _try_wait
KeyboardInterrupt
----------------------------------------
STATUS: COMPLETED
Finished at: Tue May 13 17:29:11 CST 2025
========================================
